{"C:\\Users\\Capacitacion\\Documents\\Qocotzxin.github.io\\src\\components\\SearchBar\\SearchBar.jsx": {"path":"C:\\Users\\Capacitacion\\Documents\\Qocotzxin.github.io\\src\\components\\SearchBar\\SearchBar.jsx","statementMap":{"0":{"start":{"line":1,"column":0},"end":{"line":null,"column":-1}},"1":{"start":{"line":2,"column":0},"end":{"line":null,"column":-1}},"2":{"start":{"line":5,"column":21},"end":{"line":null,"column":-1}},"3":{"start":{"line":6,"column":4},"end":{"line":null,"column":-1}},"4":{"start":{"line":7,"column":4},"end":{"line":null,"column":-1}},"5":{"start":{"line":9,"column":11},"end":{"line":null,"column":-1}},"6":{"start":{"line":10,"column":4},"end":{"line":null,"column":-1}},"7":{"start":{"line":20,"column":25},"end":{"line":null,"column":-1}},"8":{"start":{"line":27,"column":4},"end":{"line":null,"column":-1}},"9":{"start":{"line":28,"column":4},"end":{"line":null,"column":-1}}},"fnMap":{"0":{"name":"SearchBar","decl":{"start":{"line":5,"column":2},"end":{"line":5,"column":13}},"loc":{"start":{"line":5,"column":21},"end":{"line":8,"column":3}}},"1":{"name":"onChange","decl":{"start":{"line":20,"column":20},"end":{"line":20,"column":19}},"loc":{"start":{"line":20,"column":25},"end":{"line":null,"column":-1}}}},"branchMap":{},"s":{"0":0,"1":0,"2":0,"3":0,"4":0,"5":0,"6":0,"7":0,"8":0,"9":0},"f":{"0":0,"1":0},"b":{}}
,"C:\\Users\\Capacitacion\\Documents\\Qocotzxin.github.io\\src\\containers\\app.jsx": {"path":"C:\\Users\\Capacitacion\\Documents\\Qocotzxin.github.io\\src\\containers\\app.jsx","statementMap":{"0":{"start":{"line":1,"column":0},"end":{"line":null,"column":-1}},"1":{"start":{"line":2,"column":0},"end":{"line":null,"column":-1}},"2":{"start":{"line":3,"column":0},"end":{"line":null,"column":-1}},"3":{"start":{"line":4,"column":0},"end":{"line":null,"column":-1}},"4":{"start":{"line":5,"column":0},"end":{"line":null,"column":-1}},"5":{"start":{"line":8,"column":21},"end":{"line":null,"column":-1}},"6":{"start":{"line":9,"column":4},"end":{"line":null,"column":-1}},"7":{"start":{"line":10,"column":4},"end":{"line":null,"column":-1}},"8":{"start":{"line":11,"column":4},"end":{"line":null,"column":-1}},"9":{"start":{"line":14,"column":25},"end":{"line":null,"column":-1}},"10":{"start":{"line":15,"column":4},"end":{"line":null,"column":-1}},"11":{"start":{"line":21,"column":22},"end":{"line":null,"column":-1}},"12":{"start":{"line":22,"column":20},"end":{"line":null,"column":-1}},"13":{"start":{"line":28,"column":4},"end":{"line":null,"column":-1}}},"fnMap":{"0":{"name":"App","decl":{"start":{"line":8,"column":2},"end":{"line":8,"column":13}},"loc":{"start":{"line":8,"column":21},"end":{"line":12,"column":3}}},"1":{"name":"(anonymous_18)","decl":{"start":{"line":21,"column":14},"end":{"line":21,"column":13}},"loc":{"start":{"line":21,"column":22},"end":{"line":16,"column":6}}},"2":{"name":"(anonymous_19)","decl":{"start":{"line":22,"column":15},"end":{"line":22,"column":14}},"loc":{"start":{"line":22,"column":20},"end":{"line":16,"column":6}}}},"branchMap":{},"s":{"0":0,"1":0,"2":0,"3":0,"4":0,"5":0,"6":0,"7":0,"8":0,"9":0,"10":0,"11":0,"12":0,"13":0},"f":{"0":0,"1":0,"2":0},"b":{}}
}
