TN:
SF:C:\Users\Capacitacion\Documents\Qocotzxin.github.io\src\components\SearchBar\SearchBar.jsx
FN:5,SearchBar
FN:20,onChange
FNF:2
FNH:0
FNDA:0,SearchBar
FNDA:0,onChange
DA:1,0
DA:2,0
DA:5,0
DA:6,0
DA:7,0
DA:9,0
DA:10,0
DA:20,0
DA:27,0
DA:28,0
LF:10
LH:0
BRF:0
BRH:0
end_of_record
TN:
SF:C:\Users\Capacitacion\Documents\Qocotzxin.github.io\src\containers\app.jsx
FN:8,App
FN:21,(anonymous_18)
FN:22,(anonymous_19)
FNF:3
FNH:0
FNDA:0,App
FNDA:0,(anonymous_18)
FNDA:0,(anonymous_19)
DA:1,0
DA:2,0
DA:3,0
DA:4,0
DA:5,0
DA:8,0
DA:9,0
DA:10,0
DA:11,0
DA:14,0
DA:15,0
DA:21,0
DA:22,0
DA:28,0
LF:14
LH:0
BRF:0
BRH:0
end_of_record
